<?xml version="1.0" encoding="UTF-8"?>
<!-- Generated by org.testng.reporters.JUnitXMLReporter -->
<testsuite ignored="0" hostname="LAPTOP-N5CEF6FS" failures="1" tests="1" name="Default test" time="10.119" errors="0" timestamp="2023-05-03T08:33:34 IST">
  <testcase classname="ADATesting" name="testAccessibility" time="6.425">
    <failure type="java.lang.AssertionError" message="Accessibility issues found: Found 5 accessibility violations:
1) Text of buttons and links should not be repeated in the image alternative: https://dequeuniversity.com/rules/axe/3.1/image-redundant-alt?application=axeAPI
  a) [&amp;quot;a[aria-label=\&amp;quot;Headsets\&amp;quot;]&amp;quot;]
    Fix all of the following:
      Element contains &amp;lt;img&amp;gt; element with alt text that duplicates existing text


  b) [&amp;quot;a[aria-label=\&amp;quot;Keyboards\&amp;quot;]&amp;quot;]
    Fix all of the following:
      Element contains &amp;lt;img&amp;gt; element with alt text that duplicates existing text


  c) [&amp;quot;a[aria-label=\&amp;quot;Computer\\ mice\&amp;quot;]&amp;quot;]
    Fix all of the following:
      Element contains &amp;lt;img&amp;gt; element with alt text that duplicates existing text


  d) [&amp;quot;a[aria-label=\&amp;quot;Chairs\&amp;quot;]&amp;quot;]
    Fix all of the following:
      Element contains &amp;lt;img&amp;gt; element with alt text that duplicates existing text


  e) [&amp;quot;a[aria-label=\&amp;quot;Dining\&amp;quot;]&amp;quot;]
    Fix all of the following:
      Element contains &amp;lt;img&amp;gt; element with alt text that duplicates existing text


  f) [&amp;quot;a[aria-label=\&amp;quot;Home\&amp;quot;]&amp;quot;]
    Fix all of the following:
      Element contains &amp;lt;img&amp;gt; element with alt text that duplicates existing text


  g) [&amp;quot;a[aria-label=\&amp;quot;Kitchen\&amp;quot;]&amp;quot;]
    Fix all of the following:
      Element contains &amp;lt;img&amp;gt; element with alt text that duplicates existing text


  h) [&amp;quot;a[aria-label=\&amp;quot;Health\\ and\\ Beauty\&amp;quot;]&amp;quot;]
    Fix all of the following:
      Element contains &amp;lt;img&amp;gt; element with alt text that duplicates existing text


  i) [&amp;quot;a[aria-label=\&amp;quot;Dresses\&amp;quot;]&amp;quot;]
    Fix all of the following:
      Element contains &amp;lt;img&amp;gt; element with alt text that duplicates existing text


  j) [&amp;quot;a[aria-label=\&amp;quot;Knits\&amp;quot;]&amp;quot;]
    Fix all of the following:
      Element contains &amp;lt;img&amp;gt; element with alt text that duplicates existing text


  k) [&amp;quot;a[aria-label=\&amp;quot;Jackets\&amp;quot;]&amp;quot;]
    Fix all of the following:
      Element contains &amp;lt;img&amp;gt; element with alt text that duplicates existing text


  l) [&amp;quot;a[aria-label=\&amp;quot;Jewelry\&amp;quot;]&amp;quot;]
    Fix all of the following:
      Element contains &amp;lt;img&amp;gt; element with alt text that duplicates existing text


2) Form elements should have a visible label: https://dequeuniversity.com/rules/axe/3.1/label-title-only?application=axeAPI
  a) [&amp;quot;#searchDropdownBox&amp;quot;]
    Fix all of the following:
      Only title used to generate label for form element


3) Form elements must have labels: https://dequeuniversity.com/rules/axe/3.1/label?application=axeAPI
  a) [&amp;quot;#searchDropdownBox&amp;quot;]
    Fix all of the following:
      Form element has explicit &amp;lt;label&amp;gt; that is hidden


  b) [&amp;quot;#twotabsearchtextbox&amp;quot;]
    Fix all of the following:
      Form element has explicit &amp;lt;label&amp;gt; that is hidden


4) Page must contain a level-one heading: https://dequeuniversity.com/rules/axe/3.1/page-has-heading-one?application=axeAPI
  a) [&amp;quot;html&amp;quot;]
    Fix all of the following:
      Page must have a level-one heading


5) All page content must be contained by landmarks: https://dequeuniversity.com/rules/axe/3.1/region?application=axeAPI
  a) [&amp;quot;html&amp;quot;]
    Fix any of the following:
      Some page content is not contained by landmarks

">
      <![CDATA[java.lang.AssertionError: Accessibility issues found: Found 5 accessibility violations:
1) Text of buttons and links should not be repeated in the image alternative: https://dequeuniversity.com/rules/axe/3.1/image-redundant-alt?application=axeAPI
  a) ["a[aria-label=\"Headsets\"]"]
    Fix all of the following:
      Element contains <img> element with alt text that duplicates existing text


  b) ["a[aria-label=\"Keyboards\"]"]
    Fix all of the following:
      Element contains <img> element with alt text that duplicates existing text


  c) ["a[aria-label=\"Computer\\ mice\"]"]
    Fix all of the following:
      Element contains <img> element with alt text that duplicates existing text


  d) ["a[aria-label=\"Chairs\"]"]
    Fix all of the following:
      Element contains <img> element with alt text that duplicates existing text


  e) ["a[aria-label=\"Dining\"]"]
    Fix all of the following:
      Element contains <img> element with alt text that duplicates existing text


  f) ["a[aria-label=\"Home\"]"]
    Fix all of the following:
      Element contains <img> element with alt text that duplicates existing text


  g) ["a[aria-label=\"Kitchen\"]"]
    Fix all of the following:
      Element contains <img> element with alt text that duplicates existing text


  h) ["a[aria-label=\"Health\\ and\\ Beauty\"]"]
    Fix all of the following:
      Element contains <img> element with alt text that duplicates existing text


  i) ["a[aria-label=\"Dresses\"]"]
    Fix all of the following:
      Element contains <img> element with alt text that duplicates existing text


  j) ["a[aria-label=\"Knits\"]"]
    Fix all of the following:
      Element contains <img> element with alt text that duplicates existing text


  k) ["a[aria-label=\"Jackets\"]"]
    Fix all of the following:
      Element contains <img> element with alt text that duplicates existing text


  l) ["a[aria-label=\"Jewelry\"]"]
    Fix all of the following:
      Element contains <img> element with alt text that duplicates existing text


2) Form elements should have a visible label: https://dequeuniversity.com/rules/axe/3.1/label-title-only?application=axeAPI
  a) ["#searchDropdownBox"]
    Fix all of the following:
      Only title used to generate label for form element


3) Form elements must have labels: https://dequeuniversity.com/rules/axe/3.1/label?application=axeAPI
  a) ["#searchDropdownBox"]
    Fix all of the following:
      Form element has explicit <label> that is hidden


  b) ["#twotabsearchtextbox"]
    Fix all of the following:
      Form element has explicit <label> that is hidden


4) Page must contain a level-one heading: https://dequeuniversity.com/rules/axe/3.1/page-has-heading-one?application=axeAPI
  a) ["html"]
    Fix all of the following:
      Page must have a level-one heading


5) All page content must be contained by landmarks: https://dequeuniversity.com/rules/axe/3.1/region?application=axeAPI
  a) ["html"]
    Fix any of the following:
      Some page content is not contained by landmarks


at org.testng.Assert.fail(Assert.java:99)
at ADATesting.testAccessibility(ADATesting.java:46)
at java.base/jdk.internal.reflect.NativeMethodAccessorImpl.invoke0(Native Method)
at java.base/jdk.internal.reflect.NativeMethodAccessorImpl.invoke(NativeMethodAccessorImpl.java:77)
at java.base/jdk.internal.reflect.DelegatingMethodAccessorImpl.invoke(DelegatingMethodAccessorImpl.java:43)
at java.base/java.lang.reflect.Method.invoke(Method.java:568)
at org.testng.internal.MethodInvocationHelper.invokeMethod(MethodInvocationHelper.java:133)
at org.testng.internal.TestInvoker.invokeMethod(TestInvoker.java:598)
at org.testng.internal.TestInvoker.invokeTestMethod(TestInvoker.java:173)
at org.testng.internal.MethodRunner.runInSequence(MethodRunner.java:46)
at org.testng.internal.TestInvoker$MethodInvocationAgent.invoke(TestInvoker.java:824)
at org.testng.internal.TestInvoker.invokeTestMethods(TestInvoker.java:146)
at org.testng.internal.TestMethodWorker.invokeTestMethods(TestMethodWorker.java:146)
at org.testng.internal.TestMethodWorker.run(TestMethodWorker.java:128)
at java.base/java.util.ArrayList.forEach(ArrayList.java:1511)
at org.testng.TestRunner.privateRun(TestRunner.java:794)
at org.testng.TestRunner.run(TestRunner.java:596)
at org.testng.SuiteRunner.runTest(SuiteRunner.java:377)
at org.testng.SuiteRunner.runSequentially(SuiteRunner.java:371)
at org.testng.SuiteRunner.privateRun(SuiteRunner.java:332)
at org.testng.SuiteRunner.run(SuiteRunner.java:276)
at org.testng.SuiteRunnerWorker.runSuite(SuiteRunnerWorker.java:53)
at org.testng.SuiteRunnerWorker.run(SuiteRunnerWorker.java:96)
at org.testng.TestNG.runSuitesSequentially(TestNG.java:1212)
at org.testng.TestNG.runSuitesLocally(TestNG.java:1134)
at org.testng.TestNG.runSuites(TestNG.java:1063)
at org.testng.TestNG.run(TestNG.java:1031)
at org.testng.remote.AbstractRemoteTestNG.run(AbstractRemoteTestNG.java:115)
at org.testng.remote.RemoteTestNG.initAndRun(RemoteTestNG.java:251)
at org.testng.remote.RemoteTestNG.main(RemoteTestNG.java:77)
]]>
    </failure>
  </testcase> <!-- testAccessibility -->
</testsuite> <!-- Default test -->
