<?xml version="1.0" encoding="UTF-8"?>
<testng-results ignored="0" total="1" passed="0" failed="1" skipped="0">
  <reporter-output>
  </reporter-output>
  <suite started-at="2023-05-03T08:33:24 IST" name="Default suite" finished-at="2023-05-03T08:33:34 IST" duration-ms="10119">
    <groups>
    </groups>
    <test started-at="2023-05-03T08:33:24 IST" name="Default test" finished-at="2023-05-03T08:33:34 IST" duration-ms="10119">
      <class name="ADATesting">
        <test-method is-config="true" signature="setUp()[pri:0, instance:ADATesting@4d465b11]" started-at="2023-05-03T08:33:24 IST" name="setUp" finished-at="2023-05-03T08:33:27 IST" duration-ms="3067" status="PASS">
          <reporter-output>
          </reporter-output>
        </test-method> <!-- setUp -->
        <test-method signature="testAccessibility()[pri:0, instance:ADATesting@4d465b11]" started-at="2023-05-03T08:33:27 IST" name="testAccessibility" finished-at="2023-05-03T08:33:34 IST" duration-ms="6425" status="FAIL">
          <exception class="java.lang.AssertionError">
            <message>
              <![CDATA[Accessibility issues found: Found 5 accessibility violations:
1) Text of buttons and links should not be repeated in the image alternative: https://dequeuniversity.com/rules/axe/3.1/image-redundant-alt?application=axeAPI
  a) ["a[aria-label=\"Headsets\"]"]
    Fix all of the following:
      Element contains <img> element with alt text that duplicates existing text


  b) ["a[aria-label=\"Keyboards\"]"]
    Fix all of the following:
      Element contains <img> element with alt text that duplicates existing text


  c) ["a[aria-label=\"Computer\\ mice\"]"]
    Fix all of the following:
      Element contains <img> element with alt text that duplicates existing text


  d) ["a[aria-label=\"Chairs\"]"]
    Fix all of the following:
      Element contains <img> element with alt text that duplicates existing text


  e) ["a[aria-label=\"Dining\"]"]
    Fix all of the following:
      Element contains <img> element with alt text that duplicates existing text


  f) ["a[aria-label=\"Home\"]"]
    Fix all of the following:
      Element contains <img> element with alt text that duplicates existing text


  g) ["a[aria-label=\"Kitchen\"]"]
    Fix all of the following:
      Element contains <img> element with alt text that duplicates existing text


  h) ["a[aria-label=\"Health\\ and\\ Beauty\"]"]
    Fix all of the following:
      Element contains <img> element with alt text that duplicates existing text


  i) ["a[aria-label=\"Dresses\"]"]
    Fix all of the following:
      Element contains <img> element with alt text that duplicates existing text


  j) ["a[aria-label=\"Knits\"]"]
    Fix all of the following:
      Element contains <img> element with alt text that duplicates existing text


  k) ["a[aria-label=\"Jackets\"]"]
    Fix all of the following:
      Element contains <img> element with alt text that duplicates existing text


  l) ["a[aria-label=\"Jewelry\"]"]
    Fix all of the following:
      Element contains <img> element with alt text that duplicates existing text


2) Form elements should have a visible label: https://dequeuniversity.com/rules/axe/3.1/label-title-only?application=axeAPI
  a) ["#searchDropdownBox"]
    Fix all of the following:
      Only title used to generate label for form element


3) Form elements must have labels: https://dequeuniversity.com/rules/axe/3.1/label?application=axeAPI
  a) ["#searchDropdownBox"]
    Fix all of the following:
      Form element has explicit <label> that is hidden


  b) ["#twotabsearchtextbox"]
    Fix all of the following:
      Form element has explicit <label> that is hidden


4) Page must contain a level-one heading: https://dequeuniversity.com/rules/axe/3.1/page-has-heading-one?application=axeAPI
  a) ["html"]
    Fix all of the following:
      Page must have a level-one heading


5) All page content must be contained by landmarks: https://dequeuniversity.com/rules/axe/3.1/region?application=axeAPI
  a) ["html"]
    Fix any of the following:
      Some page content is not contained by landmarks

]]>
            </message>
            <full-stacktrace>
              <![CDATA[java.lang.AssertionError: Accessibility issues found: Found 5 accessibility violations:
1) Text of buttons and links should not be repeated in the image alternative: https://dequeuniversity.com/rules/axe/3.1/image-redundant-alt?application=axeAPI
  a) ["a[aria-label=\"Headsets\"]"]
    Fix all of the following:
      Element contains <img> element with alt text that duplicates existing text


  b) ["a[aria-label=\"Keyboards\"]"]
    Fix all of the following:
      Element contains <img> element with alt text that duplicates existing text


  c) ["a[aria-label=\"Computer\\ mice\"]"]
    Fix all of the following:
      Element contains <img> element with alt text that duplicates existing text


  d) ["a[aria-label=\"Chairs\"]"]
    Fix all of the following:
      Element contains <img> element with alt text that duplicates existing text


  e) ["a[aria-label=\"Dining\"]"]
    Fix all of the following:
      Element contains <img> element with alt text that duplicates existing text


  f) ["a[aria-label=\"Home\"]"]
    Fix all of the following:
      Element contains <img> element with alt text that duplicates existing text


  g) ["a[aria-label=\"Kitchen\"]"]
    Fix all of the following:
      Element contains <img> element with alt text that duplicates existing text


  h) ["a[aria-label=\"Health\\ and\\ Beauty\"]"]
    Fix all of the following:
      Element contains <img> element with alt text that duplicates existing text


  i) ["a[aria-label=\"Dresses\"]"]
    Fix all of the following:
      Element contains <img> element with alt text that duplicates existing text


  j) ["a[aria-label=\"Knits\"]"]
    Fix all of the following:
      Element contains <img> element with alt text that duplicates existing text


  k) ["a[aria-label=\"Jackets\"]"]
    Fix all of the following:
      Element contains <img> element with alt text that duplicates existing text


  l) ["a[aria-label=\"Jewelry\"]"]
    Fix all of the following:
      Element contains <img> element with alt text that duplicates existing text


2) Form elements should have a visible label: https://dequeuniversity.com/rules/axe/3.1/label-title-only?application=axeAPI
  a) ["#searchDropdownBox"]
    Fix all of the following:
      Only title used to generate label for form element


3) Form elements must have labels: https://dequeuniversity.com/rules/axe/3.1/label?application=axeAPI
  a) ["#searchDropdownBox"]
    Fix all of the following:
      Form element has explicit <label> that is hidden


  b) ["#twotabsearchtextbox"]
    Fix all of the following:
      Form element has explicit <label> that is hidden


4) Page must contain a level-one heading: https://dequeuniversity.com/rules/axe/3.1/page-has-heading-one?application=axeAPI
  a) ["html"]
    Fix all of the following:
      Page must have a level-one heading


5) All page content must be contained by landmarks: https://dequeuniversity.com/rules/axe/3.1/region?application=axeAPI
  a) ["html"]
    Fix any of the following:
      Some page content is not contained by landmarks


at org.testng.Assert.fail(Assert.java:99)
at ADATesting.testAccessibility(ADATesting.java:46)
at java.base/jdk.internal.reflect.NativeMethodAccessorImpl.invoke0(Native Method)
at java.base/jdk.internal.reflect.NativeMethodAccessorImpl.invoke(NativeMethodAccessorImpl.java:77)
at java.base/jdk.internal.reflect.DelegatingMethodAccessorImpl.invoke(DelegatingMethodAccessorImpl.java:43)
at java.base/java.lang.reflect.Method.invoke(Method.java:568)
at org.testng.internal.MethodInvocationHelper.invokeMethod(MethodInvocationHelper.java:133)
at org.testng.internal.TestInvoker.invokeMethod(TestInvoker.java:598)
at org.testng.internal.TestInvoker.invokeTestMethod(TestInvoker.java:173)
at org.testng.internal.MethodRunner.runInSequence(MethodRunner.java:46)
at org.testng.internal.TestInvoker$MethodInvocationAgent.invoke(TestInvoker.java:824)
at org.testng.internal.TestInvoker.invokeTestMethods(TestInvoker.java:146)
at org.testng.internal.TestMethodWorker.invokeTestMethods(TestMethodWorker.java:146)
at org.testng.internal.TestMethodWorker.run(TestMethodWorker.java:128)
at java.base/java.util.ArrayList.forEach(ArrayList.java:1511)
at org.testng.TestRunner.privateRun(TestRunner.java:794)
at org.testng.TestRunner.run(TestRunner.java:596)
at org.testng.SuiteRunner.runTest(SuiteRunner.java:377)
at org.testng.SuiteRunner.runSequentially(SuiteRunner.java:371)
at org.testng.SuiteRunner.privateRun(SuiteRunner.java:332)
at org.testng.SuiteRunner.run(SuiteRunner.java:276)
at org.testng.SuiteRunnerWorker.runSuite(SuiteRunnerWorker.java:53)
at org.testng.SuiteRunnerWorker.run(SuiteRunnerWorker.java:96)
at org.testng.TestNG.runSuitesSequentially(TestNG.java:1212)
at org.testng.TestNG.runSuitesLocally(TestNG.java:1134)
at org.testng.TestNG.runSuites(TestNG.java:1063)
at org.testng.TestNG.run(TestNG.java:1031)
at org.testng.remote.AbstractRemoteTestNG.run(AbstractRemoteTestNG.java:115)
at org.testng.remote.RemoteTestNG.initAndRun(RemoteTestNG.java:251)
at org.testng.remote.RemoteTestNG.main(RemoteTestNG.java:77)
]]>
            </full-stacktrace>
          </exception> <!-- java.lang.AssertionError -->
          <reporter-output>
          </reporter-output>
        </test-method> <!-- testAccessibility -->
        <test-method is-config="true" signature="tearDown()[pri:0, instance:ADATesting@4d465b11]" started-at="2023-05-03T08:33:34 IST" name="tearDown" finished-at="2023-05-03T08:33:34 IST" duration-ms="570" status="PASS">
          <reporter-output>
          </reporter-output>
        </test-method> <!-- tearDown -->
      </class> <!-- ADATesting -->
    </test> <!-- Default test -->
  </suite> <!-- Default suite -->
</testng-results>
